<?xml version="1.0" encoding="UTF-8"?>
<!-- Generated by org.testng.reporters.JUnitXMLReporter -->
<testsuite ignored="0" hostname="LAPTOP-TQ07IDTP" failures="0" tests="3" name="Test" time="45.551" errors="0" timestamp="2023-01-10T18:13:00 IST">
  <testcase classname="Onsight.FrameWork.NewTest" name="create_report" time="15.497"/>
  <testcase classname="Onsight.FrameWork.NewTest" name="f" time="22.23"/>
  <testcase classname="Onsight.FrameWork.NewTest" name="verify_report" time="4.463"/>
</testsuite> <!-- Test -->
